mode: set
github.com/nethoundsh/hashchecker/cache.go:32.41,34.16 2 1
github.com/nethoundsh/hashchecker/cache.go:34.16,36.3 1 0
github.com/nethoundsh/hashchecker/cache.go:37.2,37.68 1 1
github.com/nethoundsh/hashchecker/cache.go:50.60,53.36 3 1
github.com/nethoundsh/hashchecker/cache.go:53.36,55.3 1 1
github.com/nethoundsh/hashchecker/cache.go:56.2,56.16 1 1
github.com/nethoundsh/hashchecker/cache.go:56.16,58.3 1 0
github.com/nethoundsh/hashchecker/cache.go:59.2,64.66 2 1
github.com/nethoundsh/hashchecker/cache.go:64.66,67.3 2 1
github.com/nethoundsh/hashchecker/cache.go:68.2,68.19 1 1
github.com/nethoundsh/hashchecker/cache.go:86.64,87.63 1 1
github.com/nethoundsh/hashchecker/cache.go:87.63,89.3 1 0
github.com/nethoundsh/hashchecker/cache.go:91.2,92.16 2 1
github.com/nethoundsh/hashchecker/cache.go:92.16,94.3 1 0
github.com/nethoundsh/hashchecker/cache.go:95.2,96.60 2 1
github.com/nethoundsh/hashchecker/cache.go:96.60,98.3 1 0
github.com/nethoundsh/hashchecker/cache.go:99.2,99.29 1 1
github.com/nethoundsh/hashchecker/filter.go:32.102,39.23 2 1
github.com/nethoundsh/hashchecker/filter.go:39.23,41.36 2 1
github.com/nethoundsh/hashchecker/filter.go:41.36,45.50 1 1
github.com/nethoundsh/hashchecker/filter.go:45.50,47.10 2 1
github.com/nethoundsh/hashchecker/filter.go:50.3,50.15 1 1
github.com/nethoundsh/hashchecker/filter.go:50.15,52.4 1 1
github.com/nethoundsh/hashchecker/filter.go:60.2,60.35 1 1
github.com/nethoundsh/hashchecker/filter.go:60.35,61.49 1 1
github.com/nethoundsh/hashchecker/filter.go:61.49,63.4 1 1
github.com/nethoundsh/hashchecker/filter.go:72.2,72.32 1 1
github.com/nethoundsh/hashchecker/filter.go:72.32,74.17 2 1
github.com/nethoundsh/hashchecker/filter.go:74.17,79.4 1 0
github.com/nethoundsh/hashchecker/filter.go:80.3,82.40 2 1
github.com/nethoundsh/hashchecker/filter.go:82.40,84.4 1 1
github.com/nethoundsh/hashchecker/filter.go:85.3,85.40 1 1
github.com/nethoundsh/hashchecker/filter.go:85.40,87.4 1 1
github.com/nethoundsh/hashchecker/filter.go:90.2,90.18 1 1
github.com/nethoundsh/hashchecker/main.go:52.13,54.2 1 0
github.com/nethoundsh/hashchecker/main.go:56.16,90.22 14 1
github.com/nethoundsh/hashchecker/main.go:90.22,93.3 2 1
github.com/nethoundsh/hashchecker/main.go:98.2,102.18 2 1
github.com/nethoundsh/hashchecker/main.go:102.18,105.3 2 1
github.com/nethoundsh/hashchecker/main.go:113.2,129.43 3 1
github.com/nethoundsh/hashchecker/main.go:129.43,130.14 1 1
github.com/nethoundsh/hashchecker/main.go:130.14,132.4 1 1
github.com/nethoundsh/hashchecker/main.go:133.3,135.25 3 1
github.com/nethoundsh/hashchecker/main.go:135.25,137.15 2 1
github.com/nethoundsh/hashchecker/main.go:137.15,139.5 1 1
github.com/nethoundsh/hashchecker/main.go:141.3,141.18 1 1
github.com/nethoundsh/hashchecker/main.go:144.2,151.69 3 1
github.com/nethoundsh/hashchecker/main.go:151.69,152.30 1 1
github.com/nethoundsh/hashchecker/main.go:152.30,153.55 1 1
github.com/nethoundsh/hashchecker/main.go:153.55,155.5 1 1
github.com/nethoundsh/hashchecker/main.go:157.3,157.13 1 1
github.com/nethoundsh/hashchecker/main.go:159.2,159.63 1 1
github.com/nethoundsh/hashchecker/main.go:159.63,162.3 2 1
github.com/nethoundsh/hashchecker/main.go:163.2,163.63 1 1
github.com/nethoundsh/hashchecker/main.go:163.63,166.3 2 1
github.com/nethoundsh/hashchecker/main.go:178.2,180.23 2 1
github.com/nethoundsh/hashchecker/main.go:180.23,182.17 2 1
github.com/nethoundsh/hashchecker/main.go:182.17,185.4 2 1
github.com/nethoundsh/hashchecker/main.go:186.3,186.25 1 1
github.com/nethoundsh/hashchecker/main.go:189.2,189.23 1 1
github.com/nethoundsh/hashchecker/main.go:189.23,191.17 2 1
github.com/nethoundsh/hashchecker/main.go:191.17,194.4 2 1
github.com/nethoundsh/hashchecker/main.go:195.3,195.25 1 1
github.com/nethoundsh/hashchecker/main.go:199.2,199.53 1 1
github.com/nethoundsh/hashchecker/main.go:199.53,203.3 2 1
github.com/nethoundsh/hashchecker/main.go:207.2,207.17 1 1
github.com/nethoundsh/hashchecker/main.go:208.22,208.22 0 1
github.com/nethoundsh/hashchecker/main.go:210.10,212.11 2 1
github.com/nethoundsh/hashchecker/main.go:219.2,219.35 1 1
github.com/nethoundsh/hashchecker/main.go:219.35,221.3 1 1
github.com/nethoundsh/hashchecker/main.go:232.2,233.37 2 1
github.com/nethoundsh/hashchecker/main.go:233.37,235.3 1 1
github.com/nethoundsh/hashchecker/main.go:237.2,238.23 2 1
github.com/nethoundsh/hashchecker/main.go:238.23,245.3 2 1
github.com/nethoundsh/hashchecker/main.go:250.2,250.21 1 1
github.com/nethoundsh/hashchecker/main.go:250.21,253.3 2 1
github.com/nethoundsh/hashchecker/main.go:263.2,265.15 3 1
github.com/nethoundsh/hashchecker/main.go:265.15,268.17 3 1
github.com/nethoundsh/hashchecker/main.go:268.17,274.4 2 0
github.com/nethoundsh/hashchecker/main.go:274.9,276.18 2 1
github.com/nethoundsh/hashchecker/main.go:276.18,278.5 1 0
github.com/nethoundsh/hashchecker/main.go:284.2,284.18 1 1
github.com/nethoundsh/hashchecker/main.go:284.18,286.3 1 1
github.com/nethoundsh/hashchecker/main.go:292.2,292.23 1 1
github.com/nethoundsh/hashchecker/main.go:292.23,293.35 1 1
github.com/nethoundsh/hashchecker/main.go:293.35,294.54 1 1
github.com/nethoundsh/hashchecker/main.go:294.54,296.5 1 0
github.com/nethoundsh/hashchecker/main.go:299.2,315.18 4 1
github.com/nethoundsh/hashchecker/main.go:315.18,318.3 2 1
github.com/nethoundsh/hashchecker/main.go:322.2,342.20 3 1
github.com/nethoundsh/hashchecker/main.go:342.20,346.17 3 1
github.com/nethoundsh/hashchecker/main.go:346.17,349.4 2 0
github.com/nethoundsh/hashchecker/main.go:353.3,353.43 1 1
github.com/nethoundsh/hashchecker/main.go:353.43,355.4 1 1
github.com/nethoundsh/hashchecker/main.go:356.3,356.11 1 1
github.com/nethoundsh/hashchecker/main.go:364.2,365.16 2 1
github.com/nethoundsh/hashchecker/main.go:365.16,368.3 2 1
github.com/nethoundsh/hashchecker/main.go:371.2,371.16 1 1
github.com/nethoundsh/hashchecker/main.go:371.16,382.82 2 1
github.com/nethoundsh/hashchecker/main.go:382.82,386.24 1 1
github.com/nethoundsh/hashchecker/main.go:386.24,388.5 1 0
github.com/nethoundsh/hashchecker/main.go:393.4,393.18 1 1
github.com/nethoundsh/hashchecker/main.go:393.18,396.5 2 0
github.com/nethoundsh/hashchecker/main.go:400.4,400.17 1 1
github.com/nethoundsh/hashchecker/main.go:400.17,402.20 1 1
github.com/nethoundsh/hashchecker/main.go:402.20,407.28 1 1
github.com/nethoundsh/hashchecker/main.go:407.28,409.7 1 0
github.com/nethoundsh/hashchecker/main.go:410.6,410.21 1 1
github.com/nethoundsh/hashchecker/main.go:410.21,412.7 1 0
github.com/nethoundsh/hashchecker/main.go:414.5,414.15 1 1
github.com/nethoundsh/hashchecker/main.go:419.4,419.29 1 1
github.com/nethoundsh/hashchecker/main.go:419.29,421.5 1 0
github.com/nethoundsh/hashchecker/main.go:428.4,429.24 2 1
github.com/nethoundsh/hashchecker/main.go:429.24,432.5 2 0
github.com/nethoundsh/hashchecker/main.go:433.4,433.11 1 1
github.com/nethoundsh/hashchecker/main.go:433.11,435.5 1 1
github.com/nethoundsh/hashchecker/main.go:438.4,439.18 2 1
github.com/nethoundsh/hashchecker/main.go:439.18,442.5 2 0
github.com/nethoundsh/hashchecker/main.go:445.4,445.25 1 1
github.com/nethoundsh/hashchecker/main.go:445.25,447.5 1 1
github.com/nethoundsh/hashchecker/main.go:450.4,451.18 2 1
github.com/nethoundsh/hashchecker/main.go:451.18,454.5 2 0
github.com/nethoundsh/hashchecker/main.go:457.4,458.20 2 1
github.com/nethoundsh/hashchecker/main.go:458.20,460.29 2 1
github.com/nethoundsh/hashchecker/main.go:460.29,462.6 1 0
github.com/nethoundsh/hashchecker/main.go:464.4,464.14 1 1
github.com/nethoundsh/hashchecker/main.go:466.3,466.17 1 1
github.com/nethoundsh/hashchecker/main.go:466.17,467.24 1 0
github.com/nethoundsh/hashchecker/main.go:467.24,469.5 1 0
github.com/nethoundsh/hashchecker/main.go:469.10,471.5 1 0
github.com/nethoundsh/hashchecker/main.go:472.4,472.12 1 0
github.com/nethoundsh/hashchecker/main.go:476.3,476.24 1 1
github.com/nethoundsh/hashchecker/main.go:476.24,477.74 1 1
github.com/nethoundsh/hashchecker/main.go:477.74,480.5 2 0
github.com/nethoundsh/hashchecker/main.go:481.9,484.21 2 1
github.com/nethoundsh/hashchecker/main.go:484.21,486.5 1 0
github.com/nethoundsh/hashchecker/main.go:487.4,487.103 1 1
github.com/nethoundsh/hashchecker/main.go:491.3,491.20 1 1
github.com/nethoundsh/hashchecker/main.go:491.20,493.4 1 0
github.com/nethoundsh/hashchecker/main.go:494.3,494.11 1 1
github.com/nethoundsh/hashchecker/main.go:503.2,503.32 1 1
github.com/nethoundsh/hashchecker/main.go:503.32,505.40 2 1
github.com/nethoundsh/hashchecker/main.go:505.40,509.4 2 1
github.com/nethoundsh/hashchecker/main.go:510.3,510.40 1 1
github.com/nethoundsh/hashchecker/main.go:510.40,514.4 2 1
github.com/nethoundsh/hashchecker/main.go:519.2,520.16 2 1
github.com/nethoundsh/hashchecker/main.go:520.16,523.3 2 0
github.com/nethoundsh/hashchecker/main.go:524.2,525.16 2 1
github.com/nethoundsh/hashchecker/main.go:525.16,528.3 2 0
github.com/nethoundsh/hashchecker/main.go:529.2,529.42 1 1
github.com/nethoundsh/hashchecker/main.go:529.42,531.3 1 0
github.com/nethoundsh/hashchecker/main.go:533.2,533.10 1 1
github.com/nethoundsh/hashchecker/main.go:548.31,551.2 2 1
github.com/nethoundsh/hashchecker/main.go:564.48,566.16 2 1
github.com/nethoundsh/hashchecker/main.go:566.16,568.3 1 1
github.com/nethoundsh/hashchecker/main.go:569.2,576.16 4 1
github.com/nethoundsh/hashchecker/main.go:576.16,578.3 1 0
github.com/nethoundsh/hashchecker/main.go:579.2,579.47 1 1
github.com/nethoundsh/hashchecker/output.go:49.68,56.16 3 1
github.com/nethoundsh/hashchecker/output.go:56.16,58.3 1 0
github.com/nethoundsh/hashchecker/output.go:59.2,60.12 2 1
github.com/nethoundsh/hashchecker/output.go:66.73,76.16 3 1
github.com/nethoundsh/hashchecker/output.go:76.16,78.3 1 0
github.com/nethoundsh/hashchecker/output.go:79.2,80.12 2 1
github.com/nethoundsh/hashchecker/output.go:92.58,96.21 2 1
github.com/nethoundsh/hashchecker/output.go:96.21,99.3 2 1
github.com/nethoundsh/hashchecker/output.go:101.2,112.9 7 1
github.com/nethoundsh/hashchecker/output.go:113.34,114.45 1 1
github.com/nethoundsh/hashchecker/output.go:115.30,116.82 1 1
github.com/nethoundsh/hashchecker/output.go:117.10,118.59 1 0
github.com/nethoundsh/hashchecker/output.go:133.32,134.11 1 1
github.com/nethoundsh/hashchecker/output.go:134.11,136.3 1 1
github.com/nethoundsh/hashchecker/output.go:137.2,137.35 1 1
github.com/nethoundsh/hashchecker/output.go:142.34,143.11 1 1
github.com/nethoundsh/hashchecker/output.go:143.11,145.3 1 1
github.com/nethoundsh/hashchecker/output.go:146.2,146.35 1 1
github.com/nethoundsh/hashchecker/output.go:151.37,152.11 1 1
github.com/nethoundsh/hashchecker/output.go:152.11,154.3 1 1
github.com/nethoundsh/hashchecker/output.go:155.2,155.35 1 1
github.com/nethoundsh/hashchecker/virustotal.go:63.84,69.18 1 1
github.com/nethoundsh/hashchecker/virustotal.go:69.18,70.39 1 1
github.com/nethoundsh/hashchecker/virustotal.go:70.39,72.58 2 1
github.com/nethoundsh/hashchecker/virustotal.go:72.58,74.23 1 1
github.com/nethoundsh/hashchecker/virustotal.go:75.17,76.64 1 0
github.com/nethoundsh/hashchecker/virustotal.go:76.64,78.7 1 0
github.com/nethoundsh/hashchecker/virustotal.go:79.13,80.37 1 1
github.com/nethoundsh/hashchecker/virustotal.go:82.5,82.29 1 1
github.com/nethoundsh/hashchecker/virustotal.go:94.2,94.63 1 1
github.com/nethoundsh/hashchecker/virustotal.go:94.63,96.3 1 0
github.com/nethoundsh/hashchecker/virustotal.go:101.2,102.16 2 1
github.com/nethoundsh/hashchecker/virustotal.go:102.16,104.3 1 0
github.com/nethoundsh/hashchecker/virustotal.go:108.2,114.20 2 1
github.com/nethoundsh/hashchecker/virustotal.go:115.14,116.55 1 1
github.com/nethoundsh/hashchecker/virustotal.go:116.55,118.4 1 0
github.com/nethoundsh/hashchecker/virustotal.go:119.10,120.28 1 1
github.com/nethoundsh/hashchecker/virustotal.go:122.2,122.20 1 1
github.com/nethoundsh/hashchecker/virustotal.go:138.73,139.20 1 1
github.com/nethoundsh/hashchecker/virustotal.go:139.20,141.3 1 1
github.com/nethoundsh/hashchecker/virustotal.go:142.2,142.42 1 1
github.com/nethoundsh/hashchecker/virustotal.go:142.42,144.3 1 1
github.com/nethoundsh/hashchecker/virustotal.go:145.2,147.12 3 1
github.com/nethoundsh/hashchecker/virustotal.go:158.51,159.18 1 1
github.com/nethoundsh/hashchecker/virustotal.go:159.18,161.3 1 1
github.com/nethoundsh/hashchecker/virustotal.go:163.2,163.69 1 1
github.com/nethoundsh/hashchecker/virustotal.go:163.69,165.3 1 1
github.com/nethoundsh/hashchecker/virustotal.go:167.2,167.60 1 1
github.com/nethoundsh/hashchecker/virustotal.go:167.60,168.32 1 1
github.com/nethoundsh/hashchecker/virustotal.go:168.32,170.4 1 1
github.com/nethoundsh/hashchecker/virustotal.go:172.2,172.25 1 1
github.com/nethoundsh/hashchecker/virustotal.go:191.120,192.19 1 1
github.com/nethoundsh/hashchecker/virustotal.go:192.19,194.3 1 0
github.com/nethoundsh/hashchecker/virustotal.go:195.2,197.34 2 1
github.com/nethoundsh/hashchecker/virustotal.go:197.34,203.17 2 1
github.com/nethoundsh/hashchecker/virustotal.go:203.17,205.4 1 0
github.com/nethoundsh/hashchecker/virustotal.go:207.3,211.17 3 1
github.com/nethoundsh/hashchecker/virustotal.go:211.17,213.4 1 1
github.com/nethoundsh/hashchecker/virustotal.go:222.3,224.17 3 1
github.com/nethoundsh/hashchecker/virustotal.go:224.17,226.4 1 0
github.com/nethoundsh/hashchecker/virustotal.go:238.3,238.33 1 1
github.com/nethoundsh/hashchecker/virustotal.go:238.33,239.31 1 1
github.com/nethoundsh/hashchecker/virustotal.go:239.31,241.5 1 1
github.com/nethoundsh/hashchecker/virustotal.go:242.4,244.11 3 1
github.com/nethoundsh/hashchecker/virustotal.go:245.28,245.28 0 1
github.com/nethoundsh/hashchecker/virustotal.go:246.22,247.41 1 0
github.com/nethoundsh/hashchecker/virustotal.go:249.4,249.12 1 1
github.com/nethoundsh/hashchecker/virustotal.go:254.3,254.33 1 1
github.com/nethoundsh/hashchecker/virustotal.go:254.33,256.4 1 1
github.com/nethoundsh/hashchecker/virustotal.go:257.3,257.33 1 1
github.com/nethoundsh/hashchecker/virustotal.go:257.33,263.4 2 1
github.com/nethoundsh/hashchecker/virustotal.go:275.3,296.55 2 1
github.com/nethoundsh/hashchecker/virustotal.go:296.55,298.4 1 1
github.com/nethoundsh/hashchecker/virustotal.go:301.3,311.9 2 1
github.com/nethoundsh/hashchecker/virustotal.go:317.2,317.75 1 0
github.com/nethoundsh/hashchecker/virustotal.go:328.46,329.14 1 1
github.com/nethoundsh/hashchecker/virustotal.go:329.14,331.3 1 1
github.com/nethoundsh/hashchecker/virustotal.go:332.2,333.19 2 1
github.com/nethoundsh/hashchecker/virustotal.go:333.19,335.3 1 1
github.com/nethoundsh/hashchecker/virustotal.go:336.2,336.32 1 1
